Run subprocess with args: '/usr/lib/jvm/temurin-17-jdk-amd64/bin/java' '-cp' '/home/tututu/.cache/coursier/v1/https/repo1.maven.org/maven2/org/chipsalliance/chisel_2.13/7.0.0-M1/chisel_2.13-7.0.0-M1.jar:/home/tututu/.cache/coursier/v1/https/repo1.maven.org/maven2/org/scala-lang/scala-library/2.13.12/scala-library-2.13.12.jar:/home/tututu/.cache/coursier/v1/https/repo1.maven.org/maven2/org/scala-lang/scala-reflect/2.13.12/scala-reflect-2.13.12.jar:/home/tututu/.cache/coursier/v1/https/repo1.maven.org/maven2/com/github/scopt/scopt_2.13/4.1.0/scopt_2.13-4.1.0.jar:/home/tututu/.cache/coursier/v1/https/repo1.maven.org/maven2/net/jcazevedo/moultingyaml_2.13/0.4.2/moultingyaml_2.13-0.4.2.jar:/home/tututu/.cache/coursier/v1/https/repo1.maven.org/maven2/org/json4s/json4s-native_2.13/4.0.6/json4s-native_2.13-4.0.6.jar:/home/tututu/.cache/coursier/v1/https/repo1.maven.org/maven2/org/apache/commons/commons-text/1.10.0/commons-text-1.10.0.jar:/home/tututu/.cache/coursier/v1/https/repo1.maven.org/maven2/io/github/alexarchambault/data-class_2.13/0.2.6/data-class_2.13-0.2.6.jar:/home/tututu/.cache/coursier/v1/https/repo1.maven.org/maven2/com/lihaoyi/os-lib_2.13/0.9.1/os-lib_2.13-0.9.1.jar:/home/tututu/.cache/coursier/v1/https/repo1.maven.org/maven2/org/scala-lang/modules/scala-parallel-collections_2.13/1.0.4/scala-parallel-collections_2.13-1.0.4.jar:/home/tututu/.cache/coursier/v1/https/repo1.maven.org/maven2/com/lihaoyi/upickle_2.13/3.1.0/upickle_2.13-3.1.0.jar:/home/tututu/.cache/coursier/v1/https/repo1.maven.org/maven2/org/chipsalliance/firtool-resolver_2.13/2.0.0/firtool-resolver_2.13-2.0.0.jar:/home/tututu/.cache/coursier/v1/https/repo1.maven.org/maven2/com/github/nscala-time/nscala-time_2.13/2.22.0/nscala-time_2.13-2.22.0.jar:/home/tututu/.cache/coursier/v1/https/repo1.maven.org/maven2/org/yaml/snakeyaml/1.26/snakeyaml-1.26.jar:/home/tututu/.cache/coursier/v1/https/repo1.maven.org/maven2/org/json4s/json4s-core_2.13/4.0.6/json4s-core_2.13-4.0.6.jar:/home/tututu/.cache/coursier/v1/https/repo1.maven.org/maven2/org/json4s/json4s-native-core_2.13/4.0.6/json4s-native-core_2.13-4.0.6.jar:/home/tututu/.cache/coursier/v1/https/repo1.maven.org/maven2/org/apache/commons/commons-lang3/3.12.0/commons-lang3-3.12.0.jar:/home/tututu/.cache/coursier/v1/https/repo1.maven.org/maven2/com/lihaoyi/geny_2.13/1.0.0/geny_2.13-1.0.0.jar:/home/tututu/.cache/coursier/v1/https/repo1.maven.org/maven2/com/lihaoyi/ujson_2.13/3.1.0/ujson_2.13-3.1.0.jar:/home/tututu/.cache/coursier/v1/https/repo1.maven.org/maven2/com/lihaoyi/upack_2.13/3.1.0/upack_2.13-3.1.0.jar:/home/tututu/.cache/coursier/v1/https/repo1.maven.org/maven2/com/lihaoyi/upickle-implicits_2.13/3.1.0/upickle-implicits_2.13-3.1.0.jar:/home/tututu/.cache/coursier/v1/https/repo1.maven.org/maven2/org/scala-lang/modules/scala-xml_2.13/2.2.0/scala-xml_2.13-2.2.0.jar:/home/tututu/.cache/coursier/v1/https/repo1.maven.org/maven2/org/scala-lang/modules/scala-collection-compat_2.13/2.11.0/scala-collection-compat_2.13-2.11.0.jar:/home/tututu/.cache/coursier/v1/https/repo1.maven.org/maven2/joda-time/joda-time/2.10.1/joda-time-2.10.1.jar:/home/tututu/.cache/coursier/v1/https/repo1.maven.org/maven2/org/joda/joda-convert/2.2.0/joda-convert-2.2.0.jar:/home/tututu/.cache/coursier/v1/https/repo1.maven.org/maven2/org/json4s/json4s-ast_2.13/4.0.6/json4s-ast_2.13-4.0.6.jar:/home/tututu/.cache/coursier/v1/https/repo1.maven.org/maven2/org/json4s/json4s-scalap_2.13/4.0.6/json4s-scalap_2.13-4.0.6.jar:/home/tututu/.cache/coursier/v1/https/repo1.maven.org/maven2/com/thoughtworks/paranamer/paranamer/2.8/paranamer-2.8.jar:/home/tututu/.cache/coursier/v1/https/repo1.maven.org/maven2/com/lihaoyi/upickle-core_2.13/3.1.0/upickle-core_2.13-3.1.0.jar:/home/tututu/ysyx/npc/chisel-playground/src/compile-resources:/home/tututu/ysyx/npc/chisel-playground/src/src/main/resources:/home/tututu/ysyx/npc/chisel-playground/out/playground/compile.dest/classes' 'Elaborate' '--target-dir' '../build'
espresso is not found in your PATH:
/home/tututu/.local/state/fnm_multishells/1678_1732172211791/bin
/home/tututu/.local/share/fnm
/home/tututu/.local/share/nvim/mason/bin
/home/tututu/.local/state/fnm_multishells/42_1732171985274/bin
/home/tututu/.local/share/fnm
/home/tututu/miniforge3/bin
/home/tututu/miniforge3/condabin
/home/tututu/.deno/bin
/usr/local/sbin
/usr/local/bin
/usr/sbin
/usr/bin
/sbin
/bin
/usr/games
/usr/local/games
/mnt/c/windows/system32
/mnt/c/windows
/mnt/c/windows/System32/Wbem
/mnt/c/windows/System32/WindowsPowerShell/v1.0
/mnt/c/windows/System32/OpenSSH
/mnt/c/Users/tututu/AppData/Local/Microsoft/WindowsApps
/mnt/d/Programs/Microsoft VS Code/bin
/home/tututu/.cache/scalacli/local-repo/bin/scala-cli
/home/tututu/tools/nvim-linux64/bin
/home/tututu/tools/verilator/bin
/home/tututu/.local/share/coursier/bin
/usr/local/go/bin
/home/tututu/tools/nvim-linux64/bin
/home/tututu/tools/verilator/bin
/home/tututu/.local/share/coursier/bin
/usr/local/go/bin
/home/tututu/ysyx/npc/utils
espresso is not found in your PATH:
/home/tututu/.local/state/fnm_multishells/1678_1732172211791/bin
/home/tututu/.local/share/fnm
/home/tututu/.local/share/nvim/mason/bin
/home/tututu/.local/state/fnm_multishells/42_1732171985274/bin
/home/tututu/.local/share/fnm
/home/tututu/miniforge3/bin
/home/tututu/miniforge3/condabin
/home/tututu/.deno/bin
/usr/local/sbin
/usr/local/bin
/usr/sbin
/usr/bin
/sbin
/bin
/usr/games
/usr/local/games
/mnt/c/windows/system32
/mnt/c/windows
/mnt/c/windows/System32/Wbem
/mnt/c/windows/System32/WindowsPowerShell/v1.0
/mnt/c/windows/System32/OpenSSH
/mnt/c/Users/tututu/AppData/Local/Microsoft/WindowsApps
/mnt/d/Programs/Microsoft VS Code/bin
/home/tututu/.cache/scalacli/local-repo/bin/scala-cli
/home/tututu/tools/nvim-linux64/bin
/home/tututu/tools/verilator/bin
/home/tututu/.local/share/coursier/bin
/usr/local/go/bin
/home/tututu/tools/nvim-linux64/bin
/home/tututu/tools/verilator/bin
/home/tututu/.local/share/coursier/bin
/usr/local/go/bin
/home/tututu/ysyx/npc/utils
espresso is not found in your PATH:
/home/tututu/.local/state/fnm_multishells/1678_1732172211791/bin
/home/tututu/.local/share/fnm
/home/tututu/.local/share/nvim/mason/bin
/home/tututu/.local/state/fnm_multishells/42_1732171985274/bin
/home/tututu/.local/share/fnm
/home/tututu/miniforge3/bin
/home/tututu/miniforge3/condabin
/home/tututu/.deno/bin
/usr/local/sbin
/usr/local/bin
/usr/sbin
/usr/bin
/sbin
/bin
/usr/games
/usr/local/games
/mnt/c/windows/system32
/mnt/c/windows
/mnt/c/windows/System32/Wbem
/mnt/c/windows/System32/WindowsPowerShell/v1.0
/mnt/c/windows/System32/OpenSSH
/mnt/c/Users/tututu/AppData/Local/Microsoft/WindowsApps
/mnt/d/Programs/Microsoft VS Code/bin
/home/tututu/.cache/scalacli/local-repo/bin/scala-cli
/home/tututu/tools/nvim-linux64/bin
/home/tututu/tools/verilator/bin
/home/tututu/.local/share/coursier/bin
/usr/local/go/bin
/home/tututu/tools/nvim-linux64/bin
/home/tututu/tools/verilator/bin
/home/tututu/.local/share/coursier/bin
/usr/local/go/bin
/home/tututu/ysyx/npc/utils
