2024.06.05 19:03:46 INFO  Started: Metals version 1.2.2 in folders '/home/tututu/hry/ysyx/ysyx-workbench/npc' for client Neovim 0.11.0-dev.[0m
19:03:46.281 [pool-2-thread-1] INFO org.flywaydb.core.internal.license.VersionPrinter -- Flyway Community Edition 9.22.3 by Redgate
19:03:46.282 [pool-2-thread-1] INFO org.flywaydb.core.internal.license.VersionPrinter -- See release notes here: https://rd.gt/416ObMi
19:03:46.282 [pool-2-thread-1] INFO org.flywaydb.core.internal.license.VersionPrinter -- 
19:03:46.283 [pool-2-thread-1] DEBUG org.flywaydb.core.internal.scanner.classpath.ClassPathScanner -- Scanning for classpath resources at 'classpath:db/callback' ...
19:03:46.283 [pool-2-thread-1] DEBUG org.flywaydb.core.internal.scanner.classpath.ClassPathScanner -- Determining location urls for classpath:db/callback using ClassLoader java.net.URLClassLoader@4c873330 ...
19:03:46.283 [pool-2-thread-1] DEBUG org.flywaydb.core.internal.scanner.classpath.ClassPathScanner -- Unable to resolve location classpath:db/callback.
19:03:46.283 [pool-2-thread-1] DEBUG org.flywaydb.core.internal.scanner.classpath.ClassPathScanner -- Scanning for classpath resources at 'classpath:db/migration' ...
19:03:46.283 [pool-2-thread-1] DEBUG org.flywaydb.core.internal.scanner.classpath.ClassPathScanner -- Determining location urls for classpath:db/migration using ClassLoader java.net.URLClassLoader@4c873330 ...
19:03:46.284 [pool-2-thread-1] DEBUG org.flywaydb.core.internal.scanner.classpath.ClassPathScanner -- Scanning URL: jar:file:/home/tututu/.cache/coursier/v1/https/repo1.maven.org/maven2/org/scalameta/metals_2.13/1.2.2/metals_2.13-1.2.2.jar!/db/migration
19:03:46.286 [pool-2-thread-1] DEBUG org.flywaydb.core.internal.scanner.classpath.ClassPathScanner -- Found resource: db/migration/
19:03:46.286 [pool-2-thread-1] DEBUG org.flywaydb.core.internal.scanner.classpath.ClassPathScanner -- Found resource: db/migration/V1__Create_tables.sql
19:03:46.286 [pool-2-thread-1] DEBUG org.flywaydb.core.internal.scanner.classpath.ClassPathScanner -- Found resource: db/migration/V2__Server_discovery.sql
19:03:46.286 [pool-2-thread-1] DEBUG org.flywaydb.core.internal.scanner.classpath.ClassPathScanner -- Found resource: db/migration/V3__Jar_symbols.sql
19:03:46.286 [pool-2-thread-1] DEBUG org.flywaydb.core.internal.scanner.classpath.ClassPathScanner -- Found resource: db/migration/V4__Fingerprints.sql
19:03:46.286 [pool-2-thread-1] DEBUG org.flywaydb.core.internal.scanner.classpath.ClassPathScanner -- Scanning for classes at classpath:db/migration
19:03:46.288 [pool-2-thread-1] DEBUG org.flywaydb.core.internal.scanner.Scanner -- Filtering out resource: db/migration/ (filename: )
19:03:46.288 [pool-2-thread-1] DEBUG org.flywaydb.core.internal.resource.ResourceNameValidator -- Validating V3__Jar_symbols.sql
19:03:46.288 [pool-2-thread-1] DEBUG org.flywaydb.core.internal.resource.ResourceNameValidator -- Validating V4__Fingerprints.sql
19:03:46.288 [pool-2-thread-1] DEBUG org.flywaydb.core.internal.resource.ResourceNameValidator -- Validating V1__Create_tables.sql
19:03:46.288 [pool-2-thread-1] DEBUG org.flywaydb.core.internal.resource.ResourceNameValidator -- Validating V2__Server_discovery.sql
19:03:46.337 [pool-2-thread-1] INFO org.flywaydb.core.FlywayExecutor -- Database: jdbc:h2:file:/home/tututu/hry/ysyx/ysyx-workbench/npc/.metals/metals (H2 2.2)
19:03:46.338 [pool-2-thread-1] DEBUG org.flywaydb.core.FlywayExecutor -- Driver: H2 JDBC Driver 2.2.224 (2023-09-17)
19:03:46.338 [pool-2-thread-1] DEBUG org.flywaydb.core.FlywayExecutor -- DDL Transactions Supported: false
19:03:46.338 [pool-2-thread-1] DEBUG org.flywaydb.core.internal.schemahistory.SchemaHistoryFactory -- Schemas: 
19:03:46.338 [pool-2-thread-1] DEBUG org.flywaydb.core.internal.schemahistory.SchemaHistoryFactory -- Default schema: null
19:03:46.341 [pool-2-thread-1] WARN org.flywaydb.core.internal.database.base.Database -- Flyway upgrade recommended: H2 2.2.224 is newer than this version of Flyway and support has not been tested. The latest supported version of H2 is 2.2.220.
19:03:46.341 [pool-2-thread-1] DEBUG org.flywaydb.core.internal.callback.SqlScriptCallbackFactory -- Scanning for SQL callbacks ...
19:03:46.341 [pool-2-thread-1] DEBUG org.flywaydb.core.internal.scanner.Scanner -- Filtering out resource: db/migration/ (filename: )
19:03:46.345 [pool-2-thread-1] DEBUG org.flywaydb.core.internal.command.DbValidate -- Validating migrations ...
19:03:46.347 [pool-2-thread-1] DEBUG org.flywaydb.core.internal.scanner.Scanner -- Filtering out resource: db/migration/ (filename: )
19:03:46.350 [pool-2-thread-1] DEBUG org.flywaydb.core.internal.scanner.Scanner -- Filtering out resource: db/migration/V3__Jar_symbols.sql (filename: V3__Jar_symbols.sql)
19:03:46.351 [pool-2-thread-1] DEBUG org.flywaydb.core.internal.scanner.Scanner -- Filtering out resource: db/migration/V4__Fingerprints.sql (filename: V4__Fingerprints.sql)
19:03:46.351 [pool-2-thread-1] DEBUG org.flywaydb.core.internal.scanner.Scanner -- Filtering out resource: db/migration/V1__Create_tables.sql (filename: V1__Create_tables.sql)
19:03:46.351 [pool-2-thread-1] DEBUG org.flywaydb.core.internal.scanner.Scanner -- Filtering out resource: db/migration/V2__Server_discovery.sql (filename: V2__Server_discovery.sql)
19:03:46.351 [pool-2-thread-1] DEBUG org.flywaydb.core.internal.scanner.Scanner -- Filtering out resource: db/migration/ (filename: )
19:03:46.351 [pool-2-thread-1] DEBUG org.flywaydb.core.internal.scanner.Scanner -- Filtering out resource: db/migration/V3__Jar_symbols.sql (filename: V3__Jar_symbols.sql)
19:03:46.351 [pool-2-thread-1] DEBUG org.flywaydb.core.internal.scanner.Scanner -- Filtering out resource: db/migration/V4__Fingerprints.sql (filename: V4__Fingerprints.sql)
19:03:46.351 [pool-2-thread-1] DEBUG org.flywaydb.core.internal.scanner.Scanner -- Filtering out resource: db/migration/V1__Create_tables.sql (filename: V1__Create_tables.sql)
19:03:46.351 [pool-2-thread-1] DEBUG org.flywaydb.core.internal.scanner.Scanner -- Filtering out resource: db/migration/V2__Server_discovery.sql (filename: V2__Server_discovery.sql)
19:03:46.351 [pool-2-thread-1] DEBUG org.flywaydb.core.internal.scanner.Scanner -- Filtering out resource: db/migration/ (filename: )
19:03:46.352 [pool-2-thread-1] INFO org.flywaydb.core.internal.schemahistory.JdbcTableSchemaHistory -- Schema history table "PUBLIC"."flyway_schema_history" does not exist yet
19:03:46.353 [pool-2-thread-1] INFO org.flywaydb.core.internal.command.DbValidate -- Successfully validated 4 migrations (execution time 00:00.007s)
19:03:46.354 [pool-2-thread-1] DEBUG org.flywaydb.core.internal.command.DbSchemas -- Skipping creation of existing schema: "PUBLIC"
19:03:46.356 [pool-2-thread-1] INFO org.flywaydb.core.internal.schemahistory.JdbcTableSchemaHistory -- Creating Schema History table "PUBLIC"."flyway_schema_history" ...
19:03:46.357 [pool-2-thread-1] DEBUG org.flywaydb.core.internal.parser.Parser -- Parsing  ...
19:03:46.362 [pool-2-thread-1] DEBUG org.flywaydb.core.internal.sqlscript.ParserSqlScript -- Found statement at line 1: CREATE TABLE IF NOT EXISTS "PUBLIC"."flyway_schema_history" (
    "installed_rank" INT NOT NULL,
    "version" VARCHAR(50),
    "description" VARCHAR(200) NOT NULL,
    "type" VARCHAR(20) NOT NULL,
    "script" VARCHAR(1000) NOT NULL,
    "checksum" INT,
    "installed_by" VARCHAR(100) NOT NULL,
    "installed_on" TIMESTAMP NOT NULL DEFAULT CURRENT_TIMESTAMP,
    "execution_time" INT NOT NULL,
    "success" BOOLEAN NOT NULL,
    CONSTRAINT "flyway_schema_history_pk" PRIMARY KEY ("installed_rank")
) AS SELECT -1, NULL, '<< Flyway Schema History table created >>', 'TABLE', '', NULL, 'SA', CURRENT_TIMESTAMP, 0, TRUE
19:03:46.362 [pool-2-thread-1] DEBUG org.flywaydb.core.internal.sqlscript.ParserSqlScript -- Found statement at line 14: CREATE INDEX "PUBLIC"."flyway_schema_history_s_idx" ON "PUBLIC"."flyway_schema_history" ("success")
19:03:46.362 [pool-2-thread-1] DEBUG org.flywaydb.core.internal.sqlscript.DefaultSqlScriptExecutor -- Executing SQL: CREATE TABLE IF NOT EXISTS "PUBLIC"."flyway_schema_history" (
    "installed_rank" INT NOT NULL,
    "version" VARCHAR(50),
    "description" VARCHAR(200) NOT NULL,
    "type" VARCHAR(20) NOT NULL,
    "script" VARCHAR(1000) NOT NULL,
    "checksum" INT,
    "installed_by" VARCHAR(100) NOT NULL,
    "installed_on" TIMESTAMP NOT NULL DEFAULT CURRENT_TIMESTAMP,
    "execution_time" INT NOT NULL,
    "success" BOOLEAN NOT NULL,
    CONSTRAINT "flyway_schema_history_pk" PRIMARY KEY ("installed_rank")
) AS SELECT -1, NULL, '<< Flyway Schema History table created >>', 'TABLE', '', NULL, 'SA', CURRENT_TIMESTAMP, 0, TRUE
19:03:46.364 [pool-2-thread-1] DEBUG org.flywaydb.core.internal.sqlscript.DefaultSqlScriptExecutor -- 0 rows affected
19:03:46.364 [pool-2-thread-1] DEBUG org.flywaydb.core.internal.sqlscript.DefaultSqlScriptExecutor -- Executing SQL: CREATE INDEX "PUBLIC"."flyway_schema_history_s_idx" ON "PUBLIC"."flyway_schema_history" ("success")
19:03:46.366 [pool-2-thread-1] DEBUG org.flywaydb.core.internal.sqlscript.DefaultSqlScriptExecutor -- 0 rows affected
19:03:46.366 [pool-2-thread-1] DEBUG org.flywaydb.core.internal.schemahistory.JdbcTableSchemaHistory -- Created Schema History table "PUBLIC"."flyway_schema_history"
19:03:46.369 [pool-2-thread-1] INFO org.flywaydb.core.internal.command.DbMigrate -- Current version of schema "PUBLIC": << Empty Schema >>
19:03:46.369 [pool-2-thread-1] DEBUG org.flywaydb.core.internal.parser.Parser -- Parsing V1__Create_tables.sql ...
19:03:46.370 [pool-2-thread-1] DEBUG org.flywaydb.core.internal.sqlscript.ParserSqlScript -- Found statement at line 4: -- The relationship between library dependency sources under .metals/readonly/**
-- and build targets they belong to. Required to know what classpath to use
-- for compiling dependency sources.
create table dependency_source(
  text_document_uri varchar primary key,
  build_target_uri varchar not null
)
19:03:46.370 [pool-2-thread-1] DEBUG org.flywaydb.core.internal.sqlscript.ParserSqlScript -- Found statement at line 12: -- The relationship between library dependency sources under .metals/readonly/**
-- and worksheets they belong to. Required to know what classpath to use
-- for compiling dependency sources.
create table worksheet_dependency_source(
  text_document_uri varchar primary key,
  worksheet_uri varchar not null
)
19:03:46.371 [pool-2-thread-1] DEBUG org.flywaydb.core.internal.sqlscript.ParserSqlScript -- Found statement at line 19: -- The relationship between what library dependency sources under .metals/readonly/**
-- map to which build targets.
create table sbt_digest(
  md5 varchar,
  status tinyint not null,
  when_recorded timestamp
)
19:03:46.371 [pool-2-thread-1] DEBUG org.flywaydb.core.internal.sqlscript.ParserSqlScript -- Found statement at line 27: -- Which window/showMessage and window/showMessageRequest dialogues have been dismissed
-- by the user via "Don't show again" or closed by clicking on "x".
create table dismissed_notification(
  id int,
  when_dismissed timestamp,
  when_expires timestamp
)
19:03:46.371 [pool-2-thread-1] DEBUG org.flywaydb.core.internal.sqlscript.ParserSqlScript -- Found statement at line 34: -- The choice of build tool when multiple build tool files are found in a workspace
create table chosen_build_tool(
  build_tool varchar primary key
)
19:03:46.372 [pool-2-thread-1] DEBUG org.flywaydb.core.internal.command.DbMigrate -- Starting migration of schema "PUBLIC" to version "1 - Create tables" ...
19:03:46.373 [pool-2-thread-1] INFO org.flywaydb.core.internal.command.DbMigrate -- Migrating schema "PUBLIC" to version "1 - Create tables"
19:03:46.373 [pool-2-thread-1] DEBUG org.flywaydb.core.internal.sqlscript.DefaultSqlScriptExecutor -- Executing SQL: -- The relationship between library dependency sources under .metals/readonly/**
-- and build targets they belong to. Required to know what classpath to use
-- for compiling dependency sources.
create table dependency_source(
  text_document_uri varchar primary key,
  build_target_uri varchar not null
)
19:03:46.374 [pool-2-thread-1] DEBUG org.flywaydb.core.internal.sqlscript.DefaultSqlScriptExecutor -- 0 rows affected
19:03:46.374 [pool-2-thread-1] DEBUG org.flywaydb.core.internal.sqlscript.DefaultSqlScriptExecutor -- Executing SQL: -- The relationship between library dependency sources under .metals/readonly/**
-- and worksheets they belong to. Required to know what classpath to use
-- for compiling dependency sources.
create table worksheet_dependency_source(
  text_document_uri varchar primary key,
  worksheet_uri varchar not null
)
19:03:46.374 [pool-2-thread-1] DEBUG org.flywaydb.core.internal.sqlscript.DefaultSqlScriptExecutor -- 0 rows affected
19:03:46.374 [pool-2-thread-1] DEBUG org.flywaydb.core.internal.sqlscript.DefaultSqlScriptExecutor -- Executing SQL: -- The relationship between what library dependency sources under .metals/readonly/**
-- map to which build targets.
create table sbt_digest(
  md5 varchar,
  status tinyint not null,
  when_recorded timestamp
)
19:03:46.375 [pool-2-thread-1] DEBUG org.flywaydb.core.internal.sqlscript.DefaultSqlScriptExecutor -- 0 rows affected
19:03:46.375 [pool-2-thread-1] DEBUG org.flywaydb.core.internal.sqlscript.DefaultSqlScriptExecutor -- Executing SQL: -- Which window/showMessage and window/showMessageRequest dialogues have been dismissed
-- by the user via "Don't show again" or closed by clicking on "x".
create table dismissed_notification(
  id int,
  when_dismissed timestamp,
  when_expires timestamp
)
19:03:46.375 [pool-2-thread-1] DEBUG org.flywaydb.core.internal.sqlscript.DefaultSqlScriptExecutor -- 0 rows affected
19:03:46.375 [pool-2-thread-1] DEBUG org.flywaydb.core.internal.sqlscript.DefaultSqlScriptExecutor -- Executing SQL: -- The choice of build tool when multiple build tool files are found in a workspace
create table chosen_build_tool(
  build_tool varchar primary key
)
19:03:46.376 [pool-2-thread-1] DEBUG org.flywaydb.core.internal.sqlscript.DefaultSqlScriptExecutor -- 0 rows affected
19:03:46.376 [pool-2-thread-1] DEBUG org.flywaydb.core.internal.command.DbMigrate -- Successfully completed migration of schema "PUBLIC" to version "1 - Create tables"
19:03:46.377 [pool-2-thread-1] DEBUG org.flywaydb.core.internal.schemahistory.JdbcTableSchemaHistory -- Schema History table "PUBLIC"."flyway_schema_history" successfully updated to reflect changes
19:03:46.380 [pool-2-thread-1] DEBUG org.flywaydb.core.internal.parser.Parser -- Parsing V2__Server_discovery.sql ...
19:03:46.381 [pool-2-thread-1] DEBUG org.flywaydb.core.internal.sqlscript.ParserSqlScript -- Found statement at line 4: -- For each unique combination of installed build servers we select one server.
-- The md5 checksum is computed from the names of the installed build servers, and
-- the selected server is the server which the user chose for this workspace.
create table chosen_build_server(
  md5 varchar primary key,
  selected_server varchar,
  when_recorded timestamp
)
19:03:46.382 [pool-2-thread-1] DEBUG org.flywaydb.core.internal.command.DbMigrate -- Starting migration of schema "PUBLIC" to version "2 - Server discovery" ...
19:03:46.382 [pool-2-thread-1] INFO org.flywaydb.core.internal.command.DbMigrate -- Migrating schema "PUBLIC" to version "2 - Server discovery"
19:03:46.382 [pool-2-thread-1] DEBUG org.flywaydb.core.internal.sqlscript.DefaultSqlScriptExecutor -- Executing SQL: -- For each unique combination of installed build servers we select one server.
-- The md5 checksum is computed from the names of the installed build servers, and
-- the selected server is the server which the user chose for this workspace.
create table chosen_build_server(
  md5 varchar primary key,
  selected_server varchar,
  when_recorded timestamp
)
19:03:46.383 [pool-2-thread-1] DEBUG org.flywaydb.core.internal.sqlscript.DefaultSqlScriptExecutor -- 0 rows affected
19:03:46.383 [pool-2-thread-1] DEBUG org.flywaydb.core.internal.command.DbMigrate -- Successfully completed migration of schema "PUBLIC" to version "2 - Server discovery"
19:03:46.384 [pool-2-thread-1] DEBUG org.flywaydb.core.internal.schemahistory.JdbcTableSchemaHistory -- Schema History table "PUBLIC"."flyway_schema_history" successfully updated to reflect changes
19:03:46.385 [pool-2-thread-1] DEBUG org.flywaydb.core.internal.parser.Parser -- Parsing V3__Jar_symbols.sql ...
19:03:46.385 [pool-2-thread-1] DEBUG org.flywaydb.core.internal.sqlscript.ParserSqlScript -- Found statement at line 2: -- Indexed jars, the MD5 digest of path, modified time and size as key
create table indexed_jar(
  id int auto_increment unique,
  md5 varchar primary key
)
19:03:46.386 [pool-2-thread-1] DEBUG org.flywaydb.core.internal.sqlscript.ParserSqlScript -- Found statement at line 7: -- Top Level Symbols per jar, allow for multiple jars with same symbols and paths
create table toplevel_symbol(
  symbol varchar not null,
  path varchar not null,
  jar int,
  foreign key (jar) references indexed_jar (id) on delete cascade,
  primary key (jar, path, symbol)
)
19:03:46.387 [pool-2-thread-1] DEBUG org.flywaydb.core.internal.sqlscript.ParserSqlScript -- Found statement at line 15: -- Create index to speedup lookup of jar symbols
create index toplevel_symbol_jar on toplevel_symbol(jar)
19:03:46.387 [pool-2-thread-1] DEBUG org.flywaydb.core.internal.command.DbMigrate -- Starting migration of schema "PUBLIC" to version "3 - Jar symbols" ...
19:03:46.387 [pool-2-thread-1] INFO org.flywaydb.core.internal.command.DbMigrate -- Migrating schema "PUBLIC" to version "3 - Jar symbols"
19:03:46.387 [pool-2-thread-1] DEBUG org.flywaydb.core.internal.sqlscript.DefaultSqlScriptExecutor -- Executing SQL: -- Indexed jars, the MD5 digest of path, modified time and size as key
create table indexed_jar(
  id int auto_increment unique,
  md5 varchar primary key
)
19:03:46.390 [pool-2-thread-1] DEBUG org.flywaydb.core.internal.sqlscript.DefaultSqlScriptExecutor -- 0 rows affected
19:03:46.390 [pool-2-thread-1] DEBUG org.flywaydb.core.internal.sqlscript.DefaultSqlScriptExecutor -- Executing SQL: -- Top Level Symbols per jar, allow for multiple jars with same symbols and paths
create table toplevel_symbol(
  symbol varchar not null,
  path varchar not null,
  jar int,
  foreign key (jar) references indexed_jar (id) on delete cascade,
  primary key (jar, path, symbol)
)
19:03:46.393 [pool-2-thread-1] DEBUG org.flywaydb.core.internal.sqlscript.DefaultSqlScriptExecutor -- 0 rows affected
19:03:46.393 [pool-2-thread-1] DEBUG org.flywaydb.core.internal.sqlscript.DefaultSqlScriptExecutor -- Executing SQL: -- Create index to speedup lookup of jar symbols
create index toplevel_symbol_jar on toplevel_symbol(jar)
19:03:46.393 [pool-2-thread-1] DEBUG org.flywaydb.core.internal.sqlscript.DefaultSqlScriptExecutor -- 0 rows affected
19:03:46.393 [pool-2-thread-1] DEBUG org.flywaydb.core.internal.command.DbMigrate -- Successfully completed migration of schema "PUBLIC" to version "3 - Jar symbols"
19:03:46.394 [pool-2-thread-1] DEBUG org.flywaydb.core.internal.schemahistory.JdbcTableSchemaHistory -- Schema History table "PUBLIC"."flyway_schema_history" successfully updated to reflect changes
19:03:46.396 [pool-2-thread-1] DEBUG org.flywaydb.core.internal.parser.Parser -- Parsing V4__Fingerprints.sql ...
19:03:46.396 [pool-2-thread-1] DEBUG org.flywaydb.core.internal.sqlscript.ParserSqlScript -- Found statement at line 2: -- Fingerprints saved between invocations
create table fingerprints(
  path varchar not null,
  text varchar not null,
  md5 varchar not null,
  id int auto_increment unique
)
19:03:46.396 [pool-2-thread-1] DEBUG org.flywaydb.core.internal.command.DbMigrate -- Starting migration of schema "PUBLIC" to version "4 - Fingerprints" ...
19:03:46.397 [pool-2-thread-1] INFO org.flywaydb.core.internal.command.DbMigrate -- Migrating schema "PUBLIC" to version "4 - Fingerprints"
19:03:46.397 [pool-2-thread-1] DEBUG org.flywaydb.core.internal.sqlscript.DefaultSqlScriptExecutor -- Executing SQL: -- Fingerprints saved between invocations
create table fingerprints(
  path varchar not null,
  text varchar not null,
  md5 varchar not null,
  id int auto_increment unique
)
19:03:46.397 [pool-2-thread-1] DEBUG org.flywaydb.core.internal.sqlscript.DefaultSqlScriptExecutor -- 0 rows affected
19:03:46.397 [pool-2-thread-1] DEBUG org.flywaydb.core.internal.command.DbMigrate -- Successfully completed migration of schema "PUBLIC" to version "4 - Fingerprints"
19:03:46.399 [pool-2-thread-1] DEBUG org.flywaydb.core.internal.schemahistory.JdbcTableSchemaHistory -- Schema History table "PUBLIC"."flyway_schema_history" successfully updated to reflect changes
19:03:46.401 [pool-2-thread-1] INFO org.flywaydb.core.internal.command.DbMigrate -- Successfully applied 4 migrations to schema "PUBLIC", now at version v4 (execution time 00:00.012s)
19:03:46.407 [pool-2-thread-1] DEBUG org.flywaydb.core.FlywayExecutor -- Memory usage: 48 of 108M
2024.06.05 19:03:46 WARN  Build server is not auto-connectable.[0m
DanglingParentheses: top-level presets deprecated; use 'preset' subsection
2024.06.05 19:03:49 INFO  no build target found for /home/tututu/hry/ysyx/ysyx-workbench/npc/build.sc. Using presentation compiler with project's scala-library version: 3.3.1[0m
2024.06.05 19:03:49 INFO  running '/home/tututu/hry/ysyx/ysyx-workbench/npc/.metals/millw --mill-version 0.11.7 --import ivy:com.lihaoyi::mill-contrib-bloop: mill.contrib.bloop.Bloop/install'[0m
2024.06.05 19:03:51 INFO  [info] compiling 1 Scala source to /home/tututu/hry/ysyx/ysyx-workbench/npc/out/mill-build/compile.dest/classes ...[0m
2024.06.05 19:03:54 INFO  [warn] /home/tututu/hry/ysyx/ysyx-workbench/npc/build.sc:36:38: reference to millSourcePath is ambiguous;[0m
2024.06.05 19:03:54 INFO  [warn] it is both defined in the enclosing object playground and inherited in the enclosing object test as method millSourcePath (defined in trait MavenModuleTests, inherited through parent trait SbtModuleTests)[0m
2024.06.05 19:03:54 INFO  [warn] In Scala 2, symbols inherited from a superclass shadow symbols defined in an outer scope.[0m
2024.06.05 19:03:54 INFO  [warn] Such references are ambiguous in Scala 3. To continue using the inherited symbol, write `this.millSourcePath`.[0m
2024.06.05 19:03:54 INFO  [warn] Or use `-Wconf:msg=legacy-binding:s` to silence this warning. [quickfixable][0m
2024.06.05 19:03:54 INFO  [warn]       super.sources() ++ Seq(PathRef(millSourcePath / "test"))[0m
2024.06.05 19:03:54 INFO  [warn]                                      ^[0m
2024.06.05 19:03:54 INFO  [warn] one warning found[0m
2024.06.05 19:03:54 INFO  [info] done compiling[0m
2024.06.05 19:03:54 INFO  Wrote /home/tututu/hry/ysyx/ysyx-workbench/npc/.bloop/playground.json[0m
2024.06.05 19:03:54 INFO  Wrote /home/tututu/hry/ysyx/ysyx-workbench/npc/.bloop/playground.test.json[0m
2024.06.05 19:03:55 INFO  time: ran 'mill bloopInstall' in 6.56s[0m
2024.06.05 19:03:55 INFO  Attempting to connect to the build server...[0m
2024.06.05 19:03:55 INFO  Bloop uses /usr/lib/jvm/java-17-openjdk-amd64 defined at /home/tututu/.bloop/bloop.json[0m
2024.06.05 19:03:55 INFO  tracing is disabled for protocol BSP, to enable tracing of incoming and outgoing JSON messages create an empty file at /home/tututu/hry/ysyx/ysyx-workbench/npc/.metals/bsp.trace.json or /home/tututu/.cache/metals/bsp.trace.json[0m
2024.06.05 19:03:55 INFO  time: Connected to build server in 84ms[0m
2024.06.05 19:03:55 INFO  Connected to Build server: Bloop v1.5.15[0m
2024.06.05 19:03:59 INFO  time: indexed workspace in 2.94s[0m
2024.06.05 19:03:59 WARN  no build target for: /home/tututu/hry/ysyx/ysyx-workbench/npc/build.sc[0m
2024.06.05 19:04:14 WARN  no build target for: /home/tututu/hry/ysyx/ysyx-workbench/npc/playground/src/NPC.scala[0m
2024.06.05 19:04:23 WARN  no build target for: /home/tututu/hry/ysyx/ysyx-workbench/npc/playground/src/NPC.scala[0m
2024.06.05 19:04:31 INFO  Shutting down server[0m
2024.06.05 19:04:31 INFO  shutting down Metals[0m
2024.06.05 19:04:31 INFO  Shut down connection with build server.[0m
2024.06.05 19:06:53 INFO  Started: Metals version 1.2.2 in folders '/home/tututu/hry/ysyx/ysyx-workbench/npc' for client Neovim 0.11.0-dev.[0m
19:06:53.806 [pool-2-thread-1] INFO org.flywaydb.core.internal.license.VersionPrinter -- Flyway Community Edition 9.22.3 by Redgate
19:06:53.807 [pool-2-thread-1] INFO org.flywaydb.core.internal.license.VersionPrinter -- See release notes here: https://rd.gt/416ObMi
19:06:53.808 [pool-2-thread-1] INFO org.flywaydb.core.internal.license.VersionPrinter -- 
19:06:53.809 [pool-2-thread-1] DEBUG org.flywaydb.core.internal.scanner.classpath.ClassPathScanner -- Scanning for classpath resources at 'classpath:db/callback' ...
19:06:53.809 [pool-2-thread-1] DEBUG org.flywaydb.core.internal.scanner.classpath.ClassPathScanner -- Determining location urls for classpath:db/callback using ClassLoader java.net.URLClassLoader@4c873330 ...
19:06:53.809 [pool-2-thread-1] DEBUG org.flywaydb.core.internal.scanner.classpath.ClassPathScanner -- Unable to resolve location classpath:db/callback.
19:06:53.809 [pool-2-thread-1] DEBUG org.flywaydb.core.internal.scanner.classpath.ClassPathScanner -- Scanning for classpath resources at 'classpath:db/migration' ...
19:06:53.809 [pool-2-thread-1] DEBUG org.flywaydb.core.internal.scanner.classpath.ClassPathScanner -- Determining location urls for classpath:db/migration using ClassLoader java.net.URLClassLoader@4c873330 ...
19:06:53.809 [pool-2-thread-1] DEBUG org.flywaydb.core.internal.scanner.classpath.ClassPathScanner -- Scanning URL: jar:file:/home/tututu/.cache/coursier/v1/https/repo1.maven.org/maven2/org/scalameta/metals_2.13/1.2.2/metals_2.13-1.2.2.jar!/db/migration
19:06:53.811 [pool-2-thread-1] DEBUG org.flywaydb.core.internal.scanner.classpath.ClassPathScanner -- Found resource: db/migration/
19:06:53.811 [pool-2-thread-1] DEBUG org.flywaydb.core.internal.scanner.classpath.ClassPathScanner -- Found resource: db/migration/V1__Create_tables.sql
19:06:53.812 [pool-2-thread-1] DEBUG org.flywaydb.core.internal.scanner.classpath.ClassPathScanner -- Found resource: db/migration/V2__Server_discovery.sql
19:06:53.812 [pool-2-thread-1] DEBUG org.flywaydb.core.internal.scanner.classpath.ClassPathScanner -- Found resource: db/migration/V3__Jar_symbols.sql
19:06:53.812 [pool-2-thread-1] DEBUG org.flywaydb.core.internal.scanner.classpath.ClassPathScanner -- Found resource: db/migration/V4__Fingerprints.sql
19:06:53.812 [pool-2-thread-1] DEBUG org.flywaydb.core.internal.scanner.classpath.ClassPathScanner -- Scanning for classes at classpath:db/migration
19:06:53.813 [pool-2-thread-1] DEBUG org.flywaydb.core.internal.scanner.Scanner -- Filtering out resource: db/migration/ (filename: )
19:06:53.814 [pool-2-thread-1] DEBUG org.flywaydb.core.internal.resource.ResourceNameValidator -- Validating V3__Jar_symbols.sql
19:06:53.814 [pool-2-thread-1] DEBUG org.flywaydb.core.internal.resource.ResourceNameValidator -- Validating V4__Fingerprints.sql
19:06:53.814 [pool-2-thread-1] DEBUG org.flywaydb.core.internal.resource.ResourceNameValidator -- Validating V1__Create_tables.sql
19:06:53.814 [pool-2-thread-1] DEBUG org.flywaydb.core.internal.resource.ResourceNameValidator -- Validating V2__Server_discovery.sql
19:06:53.866 [pool-2-thread-1] INFO org.flywaydb.core.FlywayExecutor -- Database: jdbc:h2:file:/home/tututu/hry/ysyx/ysyx-workbench/npc/.metals/metals (H2 2.2)
19:06:53.867 [pool-2-thread-1] DEBUG org.flywaydb.core.FlywayExecutor -- Driver: H2 JDBC Driver 2.2.224 (2023-09-17)
19:06:53.867 [pool-2-thread-1] DEBUG org.flywaydb.core.FlywayExecutor -- DDL Transactions Supported: false
19:06:53.867 [pool-2-thread-1] DEBUG org.flywaydb.core.internal.schemahistory.SchemaHistoryFactory -- Schemas: 
19:06:53.867 [pool-2-thread-1] DEBUG org.flywaydb.core.internal.schemahistory.SchemaHistoryFactory -- Default schema: null
19:06:53.870 [pool-2-thread-1] WARN org.flywaydb.core.internal.database.base.Database -- Flyway upgrade recommended: H2 2.2.224 is newer than this version of Flyway and support has not been tested. The latest supported version of H2 is 2.2.220.
19:06:53.870 [pool-2-thread-1] DEBUG org.flywaydb.core.internal.callback.SqlScriptCallbackFactory -- Scanning for SQL callbacks ...
19:06:53.870 [pool-2-thread-1] DEBUG org.flywaydb.core.internal.scanner.Scanner -- Filtering out resource: db/migration/ (filename: )
19:06:53.874 [pool-2-thread-1] DEBUG org.flywaydb.core.internal.command.DbValidate -- Validating migrations ...
19:06:53.876 [pool-2-thread-1] DEBUG org.flywaydb.core.internal.scanner.Scanner -- Filtering out resource: db/migration/ (filename: )
19:06:53.879 [pool-2-thread-1] DEBUG org.flywaydb.core.internal.scanner.Scanner -- Filtering out resource: db/migration/V3__Jar_symbols.sql (filename: V3__Jar_symbols.sql)
19:06:53.879 [pool-2-thread-1] DEBUG org.flywaydb.core.internal.scanner.Scanner -- Filtering out resource: db/migration/V4__Fingerprints.sql (filename: V4__Fingerprints.sql)
19:06:53.879 [pool-2-thread-1] DEBUG org.flywaydb.core.internal.scanner.Scanner -- Filtering out resource: db/migration/V1__Create_tables.sql (filename: V1__Create_tables.sql)
19:06:53.879 [pool-2-thread-1] DEBUG org.flywaydb.core.internal.scanner.Scanner -- Filtering out resource: db/migration/V2__Server_discovery.sql (filename: V2__Server_discovery.sql)
19:06:53.879 [pool-2-thread-1] DEBUG org.flywaydb.core.internal.scanner.Scanner -- Filtering out resource: db/migration/ (filename: )
19:06:53.880 [pool-2-thread-1] DEBUG org.flywaydb.core.internal.scanner.Scanner -- Filtering out resource: db/migration/V3__Jar_symbols.sql (filename: V3__Jar_symbols.sql)
19:06:53.880 [pool-2-thread-1] DEBUG org.flywaydb.core.internal.scanner.Scanner -- Filtering out resource: db/migration/V4__Fingerprints.sql (filename: V4__Fingerprints.sql)
19:06:53.880 [pool-2-thread-1] DEBUG org.flywaydb.core.internal.scanner.Scanner -- Filtering out resource: db/migration/V1__Create_tables.sql (filename: V1__Create_tables.sql)
19:06:53.880 [pool-2-thread-1] DEBUG org.flywaydb.core.internal.scanner.Scanner -- Filtering out resource: db/migration/V2__Server_discovery.sql (filename: V2__Server_discovery.sql)
19:06:53.880 [pool-2-thread-1] DEBUG org.flywaydb.core.internal.scanner.Scanner -- Filtering out resource: db/migration/ (filename: )
19:06:53.886 [pool-2-thread-1] INFO org.flywaydb.core.internal.command.DbValidate -- Successfully validated 4 migrations (execution time 00:00.011s)
19:06:53.887 [pool-2-thread-1] DEBUG org.flywaydb.core.internal.command.DbSchemas -- Skipping creation of existing schema: "PUBLIC"
19:06:53.890 [pool-2-thread-1] INFO org.flywaydb.core.internal.command.DbMigrate -- Current version of schema "PUBLIC": 4
19:06:53.892 [pool-2-thread-1] INFO org.flywaydb.core.internal.command.DbMigrate -- Schema "PUBLIC" is up to date. No migration necessary.
19:06:53.896 [pool-2-thread-1] DEBUG org.flywaydb.core.FlywayExecutor -- Memory usage: 46 of 100M
2024.06.05 19:06:54 INFO  skipping build import with status 'Installed'[0m
2024.06.05 19:06:54 INFO  Attempting to connect to the build server...[0m
2024.06.05 19:06:54 INFO  Bloop uses /usr/lib/jvm/java-17-openjdk-amd64 defined at /home/tututu/.bloop/bloop.json[0m
2024.06.05 19:06:54 INFO  tracing is disabled for protocol BSP, to enable tracing of incoming and outgoing JSON messages create an empty file at /home/tututu/hry/ysyx/ysyx-workbench/npc/.metals/bsp.trace.json or /home/tututu/.cache/metals/bsp.trace.json[0m
2024.06.05 19:06:54 INFO  time: Connected to build server in 0.22s[0m
2024.06.05 19:06:54 INFO  Connected to Build server: Bloop v1.5.15[0m
DanglingParentheses: top-level presets deprecated; use 'preset' subsection
2024.06.05 19:06:56 INFO  no build target found for /home/tututu/hry/ysyx/ysyx-workbench/npc/chisel-playground/src/main/Elaborate.scala. Using presentation compiler with project's scala-library version: 3.3.1[0m
2024.06.05 19:06:58 INFO  time: indexed workspace in 1.05s[0m
2024.06.05 19:06:58 WARN  no build target for: /home/tututu/hry/ysyx/ysyx-workbench/npc/chisel-playground/src/main/Elaborate.scala[0m
2024.06.05 19:06:58 INFO  no build target found for /home/tututu/hry/ysyx/ysyx-workbench/npc/chisel-playground/src/main/Elaborate.scala. Using presentation compiler with project's scala-library version: 3.3.1[0m
Jun 05, 2024 7:07:00 PM org.eclipse.lsp4j.jsonrpc.RemoteEndpoint handleCancellation
WARNING: Unmatched cancel notification for request id 2
2024.06.05 19:07:23 INFO  Shutting down server[0m
2024.06.05 19:07:23 INFO  shutting down Metals[0m
2024.06.05 19:07:23 INFO  Shut down connection with build server.[0m
